info it worked if it ends with ok
verbose cli [ 'node', '/usr/bin/npm', 'install' ]
info using npm@1.1.4
info using node@v0.6.12
verbose config file /home/vagrant/.npmrc
verbose config file /usr/etc/npmrc
verbose config file /usr/share/npm/npmrc
verbose caching /vagrant/LL-webfront/package.json
verbose loadDefaults llwebfront@0.0.0
verbose readDependencies: using package.json deps
verbose where, deps [ '/vagrant/LL-webfront',
verbose where, deps   [ 'grunt',
verbose where, deps     'grunt-autoprefixer',
verbose where, deps     'grunt-concurrent',
verbose where, deps     'grunt-contrib-clean',
verbose where, deps     'grunt-contrib-compass',
verbose where, deps     'grunt-contrib-concat',
verbose where, deps     'grunt-contrib-connect',
verbose where, deps     'grunt-contrib-copy',
verbose where, deps     'grunt-contrib-cssmin',
verbose where, deps     'grunt-contrib-htmlmin',
verbose where, deps     'grunt-contrib-imagemin',
verbose where, deps     'grunt-contrib-jshint',
verbose where, deps     'grunt-contrib-uglify',
verbose where, deps     'grunt-contrib-watch',
verbose where, deps     'grunt-filerev',
verbose where, deps     'grunt-google-cdn',
verbose where, deps     'grunt-karma',
verbose where, deps     'grunt-newer',
verbose where, deps     'grunt-ngmin',
verbose where, deps     'grunt-svgmin',
verbose where, deps     'grunt-usemin',
verbose where, deps     'grunt-wiredep',
verbose where, deps     'jshint-stylish',
verbose where, deps     'karma',
verbose where, deps     'karma-jasmine',
verbose where, deps     'karma-phantomjs-launcher',
verbose where, deps     'load-grunt-tasks',
verbose where, deps     'time-grunt' ] ]
verbose from cache /vagrant/LL-webfront/package.json
info preinstall llwebfront@0.0.0
verbose caching /vagrant/LL-webfront/node_modules/grunt-concurrent/package.json
verbose loadDefaults grunt-concurrent@0.5.0
verbose caching /vagrant/LL-webfront/node_modules/grunt-contrib-connect/package.json
verbose loadDefaults grunt-contrib-connect@0.7.1
verbose caching /vagrant/LL-webfront/node_modules/grunt-contrib-concat/package.json
verbose loadDefaults grunt-contrib-concat@0.4.0
verbose caching /vagrant/LL-webfront/node_modules/grunt-contrib-cssmin/package.json
verbose loadDefaults grunt-contrib-cssmin@0.9.0
verbose caching /vagrant/LL-webfront/node_modules/grunt-contrib-htmlmin/package.json
verbose loadDefaults grunt-contrib-htmlmin@0.3.0
verbose caching /vagrant/LL-webfront/node_modules/grunt-contrib-copy/package.json
verbose loadDefaults grunt-contrib-copy@0.5.0
verbose caching /vagrant/LL-webfront/node_modules/grunt-contrib-imagemin/package.json
verbose loadDefaults grunt-contrib-imagemin@0.7.2
verbose caching /vagrant/LL-webfront/node_modules/grunt-contrib-watch/package.json
verbose loadDefaults grunt-contrib-watch@0.6.1
verbose caching /vagrant/LL-webfront/node_modules/grunt-contrib-jshint/package.json
verbose loadDefaults grunt-contrib-jshint@0.10.0
verbose caching /vagrant/LL-webfront/node_modules/grunt-contrib-uglify/package.json
verbose loadDefaults grunt-contrib-uglify@0.4.1
verbose caching /vagrant/LL-webfront/node_modules/grunt-google-cdn/package.json
verbose loadDefaults grunt-google-cdn@0.4.1
verbose caching /vagrant/LL-webfront/node_modules/grunt-karma/package.json
verbose loadDefaults grunt-karma@0.8.3
verbose caching /vagrant/LL-webfront/node_modules/grunt-filerev/package.json
verbose loadDefaults grunt-filerev@0.2.1
verbose caching /vagrant/LL-webfront/node_modules/grunt/package.json
verbose loadDefaults grunt@0.4.5
verbose caching /vagrant/LL-webfront/node_modules/grunt-ngmin/package.json
verbose loadDefaults grunt-ngmin@0.0.3
verbose caching /vagrant/LL-webfront/node_modules/grunt-newer/package.json
verbose loadDefaults grunt-newer@0.7.0
verbose caching /vagrant/LL-webfront/node_modules/grunt-usemin/package.json
verbose loadDefaults grunt-usemin@2.3.0
verbose caching /vagrant/LL-webfront/node_modules/grunt-svgmin/package.json
verbose loadDefaults grunt-svgmin@0.4.0
verbose caching /vagrant/LL-webfront/node_modules/grunt-wiredep/package.json
verbose loadDefaults grunt-wiredep@1.8.0
verbose caching /vagrant/LL-webfront/node_modules/jshint-stylish/package.json
verbose loadDefaults jshint-stylish@0.2.0
verbose caching /vagrant/LL-webfront/node_modules/karma/package.json
verbose loadDefaults karma@0.12.21
verbose caching /vagrant/LL-webfront/node_modules/karma-jasmine/package.json
verbose loadDefaults karma-jasmine@0.1.5
verbose caching /vagrant/LL-webfront/node_modules/karma-phantomjs-launcher/package.json
verbose loadDefaults karma-phantomjs-launcher@0.1.4
verbose caching /vagrant/LL-webfront/node_modules/grunt-contrib-compass/package.json
verbose loadDefaults grunt-contrib-compass@0.7.2
verbose caching /vagrant/LL-webfront/node_modules/load-grunt-tasks/package.json
verbose loadDefaults load-grunt-tasks@0.4.0
verbose caching /vagrant/LL-webfront/node_modules/time-grunt/package.json
verbose loadDefaults time-grunt@0.3.2
verbose caching /vagrant/LL-webfront/node_modules/grunt-contrib-clean/package.json
verbose loadDefaults grunt-contrib-clean@0.5.0
verbose from cache /vagrant/LL-webfront/package.json
verbose readDependencies: using package.json deps
verbose from cache /vagrant/LL-webfront/node_modules/grunt/package.json
verbose from cache /vagrant/LL-webfront/node_modules/grunt-concurrent/package.json
verbose from cache /vagrant/LL-webfront/node_modules/grunt-contrib-clean/package.json
verbose from cache /vagrant/LL-webfront/node_modules/grunt-contrib-compass/package.json
verbose from cache /vagrant/LL-webfront/node_modules/grunt-contrib-concat/package.json
verbose from cache /vagrant/LL-webfront/node_modules/grunt-contrib-connect/package.json
verbose from cache /vagrant/LL-webfront/node_modules/grunt-contrib-copy/package.json
verbose from cache /vagrant/LL-webfront/node_modules/grunt-contrib-cssmin/package.json
verbose from cache /vagrant/LL-webfront/node_modules/grunt-contrib-htmlmin/package.json
verbose from cache /vagrant/LL-webfront/node_modules/grunt-contrib-imagemin/package.json
verbose from cache /vagrant/LL-webfront/node_modules/grunt-contrib-jshint/package.json
verbose from cache /vagrant/LL-webfront/node_modules/grunt-contrib-uglify/package.json
verbose from cache /vagrant/LL-webfront/node_modules/grunt-contrib-watch/package.json
verbose from cache /vagrant/LL-webfront/node_modules/grunt-filerev/package.json
verbose from cache /vagrant/LL-webfront/node_modules/grunt-google-cdn/package.json
verbose from cache /vagrant/LL-webfront/node_modules/grunt-karma/package.json
verbose from cache /vagrant/LL-webfront/node_modules/grunt-newer/package.json
verbose from cache /vagrant/LL-webfront/node_modules/grunt-ngmin/package.json
verbose from cache /vagrant/LL-webfront/node_modules/grunt-svgmin/package.json
verbose from cache /vagrant/LL-webfront/node_modules/grunt-usemin/package.json
verbose from cache /vagrant/LL-webfront/node_modules/grunt-wiredep/package.json
verbose from cache /vagrant/LL-webfront/node_modules/jshint-stylish/package.json
verbose from cache /vagrant/LL-webfront/node_modules/karma/package.json
verbose from cache /vagrant/LL-webfront/node_modules/karma-jasmine/package.json
verbose from cache /vagrant/LL-webfront/node_modules/karma-phantomjs-launcher/package.json
verbose from cache /vagrant/LL-webfront/node_modules/load-grunt-tasks/package.json
verbose from cache /vagrant/LL-webfront/node_modules/time-grunt/package.json
verbose cache add [ 'grunt@^0.4.1', null ]
silly cache add: name, spec, args [ undefined, 'grunt@^0.4.1', [ 'grunt@^0.4.1', null ] ]
verbose parsed url { pathname: 'grunt@^0.4.1',
verbose parsed url   path: 'grunt@^0.4.1',
verbose parsed url   href: 'grunt@^0.4.1' }
silly cache add: name, spec, args [ 'grunt', '^0.4.1', [ 'grunt', '^0.4.1' ] ]
verbose parsed url { pathname: '^0.4.1', path: '^0.4.1', href: '^0.4.1' }
verbose addNamed [ 'grunt', '^0.4.1' ]
verbose addNamed [ null, null ]
info addNameTag [ 'grunt', '^0.4.1' ]
verbose cache add [ 'grunt-autoprefixer@^0.7.3', null ]
silly cache add: name, spec, args [ undefined,
silly cache add: name, spec, args   'grunt-autoprefixer@^0.7.3',
silly cache add: name, spec, args   [ 'grunt-autoprefixer@^0.7.3', null ] ]
verbose parsed url { pathname: 'grunt-autoprefixer@^0.7.3',
verbose parsed url   path: 'grunt-autoprefixer@^0.7.3',
verbose parsed url   href: 'grunt-autoprefixer@^0.7.3' }
silly cache add: name, spec, args [ 'grunt-autoprefixer',
silly cache add: name, spec, args   '^0.7.3',
silly cache add: name, spec, args   [ 'grunt-autoprefixer', '^0.7.3' ] ]
verbose parsed url { pathname: '^0.7.3', path: '^0.7.3', href: '^0.7.3' }
verbose addNamed [ 'grunt-autoprefixer', '^0.7.3' ]
verbose addNamed [ null, null ]
info addNameTag [ 'grunt-autoprefixer', '^0.7.3' ]
verbose raw, before any munging grunt
verbose url resolving [ 'https://registry.npmjs.org/', './grunt' ]
verbose url resolved https://registry.npmjs.org/grunt
http GET https://registry.npmjs.org/grunt
verbose raw, before any munging grunt-autoprefixer
verbose url resolving [ 'https://registry.npmjs.org/', './grunt-autoprefixer' ]
verbose url resolved https://registry.npmjs.org/grunt-autoprefixer
http GET https://registry.npmjs.org/grunt-autoprefixer
verbose cache add [ 'grunt-concurrent@^0.5.0', null ]
silly cache add: name, spec, args [ undefined,
silly cache add: name, spec, args   'grunt-concurrent@^0.5.0',
silly cache add: name, spec, args   [ 'grunt-concurrent@^0.5.0', null ] ]
verbose parsed url { pathname: 'grunt-concurrent@^0.5.0',
verbose parsed url   path: 'grunt-concurrent@^0.5.0',
verbose parsed url   href: 'grunt-concurrent@^0.5.0' }
silly cache add: name, spec, args [ 'grunt-concurrent',
silly cache add: name, spec, args   '^0.5.0',
silly cache add: name, spec, args   [ 'grunt-concurrent', '^0.5.0' ] ]
verbose parsed url { pathname: '^0.5.0', path: '^0.5.0', href: '^0.5.0' }
verbose addNamed [ 'grunt-concurrent', '^0.5.0' ]
verbose addNamed [ null, null ]
info addNameTag [ 'grunt-concurrent', '^0.5.0' ]
verbose cache add [ 'grunt-contrib-clean@^0.5.0', null ]
silly cache add: name, spec, args [ undefined,
silly cache add: name, spec, args   'grunt-contrib-clean@^0.5.0',
silly cache add: name, spec, args   [ 'grunt-contrib-clean@^0.5.0', null ] ]
verbose parsed url { pathname: 'grunt-contrib-clean@^0.5.0',
verbose parsed url   path: 'grunt-contrib-clean@^0.5.0',
verbose parsed url   href: 'grunt-contrib-clean@^0.5.0' }
silly cache add: name, spec, args [ 'grunt-contrib-clean',
silly cache add: name, spec, args   '^0.5.0',
silly cache add: name, spec, args   [ 'grunt-contrib-clean', '^0.5.0' ] ]
verbose parsed url { pathname: '^0.5.0', path: '^0.5.0', href: '^0.5.0' }
verbose addNamed [ 'grunt-contrib-clean', '^0.5.0' ]
verbose addNamed [ null, null ]
info addNameTag [ 'grunt-contrib-clean', '^0.5.0' ]
verbose cache add [ 'grunt-contrib-compass@^0.7.2', null ]
silly cache add: name, spec, args [ undefined,
silly cache add: name, spec, args   'grunt-contrib-compass@^0.7.2',
silly cache add: name, spec, args   [ 'grunt-contrib-compass@^0.7.2', null ] ]
verbose parsed url { pathname: 'grunt-contrib-compass@^0.7.2',
verbose parsed url   path: 'grunt-contrib-compass@^0.7.2',
verbose parsed url   href: 'grunt-contrib-compass@^0.7.2' }
silly cache add: name, spec, args [ 'grunt-contrib-compass',
silly cache add: name, spec, args   '^0.7.2',
silly cache add: name, spec, args   [ 'grunt-contrib-compass', '^0.7.2' ] ]
verbose parsed url { pathname: '^0.7.2', path: '^0.7.2', href: '^0.7.2' }
verbose addNamed [ 'grunt-contrib-compass', '^0.7.2' ]
verbose addNamed [ null, null ]
info addNameTag [ 'grunt-contrib-compass', '^0.7.2' ]
verbose cache add [ 'grunt-contrib-concat@^0.4.0', null ]
silly cache add: name, spec, args [ undefined,
silly cache add: name, spec, args   'grunt-contrib-concat@^0.4.0',
silly cache add: name, spec, args   [ 'grunt-contrib-concat@^0.4.0', null ] ]
verbose parsed url { pathname: 'grunt-contrib-concat@^0.4.0',
verbose parsed url   path: 'grunt-contrib-concat@^0.4.0',
verbose parsed url   href: 'grunt-contrib-concat@^0.4.0' }
silly cache add: name, spec, args [ 'grunt-contrib-concat',
silly cache add: name, spec, args   '^0.4.0',
silly cache add: name, spec, args   [ 'grunt-contrib-concat', '^0.4.0' ] ]
verbose parsed url { pathname: '^0.4.0', path: '^0.4.0', href: '^0.4.0' }
verbose addNamed [ 'grunt-contrib-concat', '^0.4.0' ]
verbose addNamed [ null, null ]
info addNameTag [ 'grunt-contrib-concat', '^0.4.0' ]
verbose cache add [ 'grunt-contrib-connect@^0.7.1', null ]
silly cache add: name, spec, args [ undefined,
silly cache add: name, spec, args   'grunt-contrib-connect@^0.7.1',
silly cache add: name, spec, args   [ 'grunt-contrib-connect@^0.7.1', null ] ]
verbose parsed url { pathname: 'grunt-contrib-connect@^0.7.1',
verbose parsed url   path: 'grunt-contrib-connect@^0.7.1',
verbose parsed url   href: 'grunt-contrib-connect@^0.7.1' }
silly cache add: name, spec, args [ 'grunt-contrib-connect',
silly cache add: name, spec, args   '^0.7.1',
silly cache add: name, spec, args   [ 'grunt-contrib-connect', '^0.7.1' ] ]
verbose parsed url { pathname: '^0.7.1', path: '^0.7.1', href: '^0.7.1' }
verbose addNamed [ 'grunt-contrib-connect', '^0.7.1' ]
verbose addNamed [ null, null ]
info addNameTag [ 'grunt-contrib-connect', '^0.7.1' ]
verbose cache add [ 'grunt-contrib-copy@^0.5.0', null ]
silly cache add: name, spec, args [ undefined,
silly cache add: name, spec, args   'grunt-contrib-copy@^0.5.0',
silly cache add: name, spec, args   [ 'grunt-contrib-copy@^0.5.0', null ] ]
verbose parsed url { pathname: 'grunt-contrib-copy@^0.5.0',
verbose parsed url   path: 'grunt-contrib-copy@^0.5.0',
verbose parsed url   href: 'grunt-contrib-copy@^0.5.0' }
silly cache add: name, spec, args [ 'grunt-contrib-copy',
silly cache add: name, spec, args   '^0.5.0',
silly cache add: name, spec, args   [ 'grunt-contrib-copy', '^0.5.0' ] ]
verbose parsed url { pathname: '^0.5.0', path: '^0.5.0', href: '^0.5.0' }
verbose addNamed [ 'grunt-contrib-copy', '^0.5.0' ]
verbose addNamed [ null, null ]
info addNameTag [ 'grunt-contrib-copy', '^0.5.0' ]
verbose cache add [ 'grunt-contrib-cssmin@^0.9.0', null ]
silly cache add: name, spec, args [ undefined,
silly cache add: name, spec, args   'grunt-contrib-cssmin@^0.9.0',
silly cache add: name, spec, args   [ 'grunt-contrib-cssmin@^0.9.0', null ] ]
verbose parsed url { pathname: 'grunt-contrib-cssmin@^0.9.0',
verbose parsed url   path: 'grunt-contrib-cssmin@^0.9.0',
verbose parsed url   href: 'grunt-contrib-cssmin@^0.9.0' }
silly cache add: name, spec, args [ 'grunt-contrib-cssmin',
silly cache add: name, spec, args   '^0.9.0',
silly cache add: name, spec, args   [ 'grunt-contrib-cssmin', '^0.9.0' ] ]
verbose parsed url { pathname: '^0.9.0', path: '^0.9.0', href: '^0.9.0' }
verbose addNamed [ 'grunt-contrib-cssmin', '^0.9.0' ]
verbose addNamed [ null, null ]
info addNameTag [ 'grunt-contrib-cssmin', '^0.9.0' ]
verbose cache add [ 'grunt-contrib-htmlmin@^0.3.0', null ]
silly cache add: name, spec, args [ undefined,
silly cache add: name, spec, args   'grunt-contrib-htmlmin@^0.3.0',
silly cache add: name, spec, args   [ 'grunt-contrib-htmlmin@^0.3.0', null ] ]
verbose parsed url { pathname: 'grunt-contrib-htmlmin@^0.3.0',
verbose parsed url   path: 'grunt-contrib-htmlmin@^0.3.0',
verbose parsed url   href: 'grunt-contrib-htmlmin@^0.3.0' }
silly cache add: name, spec, args [ 'grunt-contrib-htmlmin',
silly cache add: name, spec, args   '^0.3.0',
silly cache add: name, spec, args   [ 'grunt-contrib-htmlmin', '^0.3.0' ] ]
verbose parsed url { pathname: '^0.3.0', path: '^0.3.0', href: '^0.3.0' }
verbose addNamed [ 'grunt-contrib-htmlmin', '^0.3.0' ]
verbose addNamed [ null, null ]
info addNameTag [ 'grunt-contrib-htmlmin', '^0.3.0' ]
verbose cache add [ 'grunt-contrib-imagemin@^0.7.0', null ]
silly cache add: name, spec, args [ undefined,
silly cache add: name, spec, args   'grunt-contrib-imagemin@^0.7.0',
silly cache add: name, spec, args   [ 'grunt-contrib-imagemin@^0.7.0', null ] ]
verbose parsed url { pathname: 'grunt-contrib-imagemin@^0.7.0',
verbose parsed url   path: 'grunt-contrib-imagemin@^0.7.0',
verbose parsed url   href: 'grunt-contrib-imagemin@^0.7.0' }
silly cache add: name, spec, args [ 'grunt-contrib-imagemin',
silly cache add: name, spec, args   '^0.7.0',
silly cache add: name, spec, args   [ 'grunt-contrib-imagemin', '^0.7.0' ] ]
verbose parsed url { pathname: '^0.7.0', path: '^0.7.0', href: '^0.7.0' }
verbose addNamed [ 'grunt-contrib-imagemin', '^0.7.0' ]
verbose addNamed [ null, null ]
info addNameTag [ 'grunt-contrib-imagemin', '^0.7.0' ]
verbose raw, before any munging grunt-concurrent
verbose url resolving [ 'https://registry.npmjs.org/', './grunt-concurrent' ]
verbose url resolved https://registry.npmjs.org/grunt-concurrent
http GET https://registry.npmjs.org/grunt-concurrent
verbose raw, before any munging grunt-contrib-clean
verbose url resolving [ 'https://registry.npmjs.org/', './grunt-contrib-clean' ]
verbose url resolved https://registry.npmjs.org/grunt-contrib-clean
http GET https://registry.npmjs.org/grunt-contrib-clean
verbose raw, before any munging grunt-contrib-compass
verbose url resolving [ 'https://registry.npmjs.org/', './grunt-contrib-compass' ]
verbose url resolved https://registry.npmjs.org/grunt-contrib-compass
http GET https://registry.npmjs.org/grunt-contrib-compass
verbose raw, before any munging grunt-contrib-concat
verbose url resolving [ 'https://registry.npmjs.org/', './grunt-contrib-concat' ]
verbose url resolved https://registry.npmjs.org/grunt-contrib-concat
http GET https://registry.npmjs.org/grunt-contrib-concat
verbose raw, before any munging grunt-contrib-connect
verbose url resolving [ 'https://registry.npmjs.org/', './grunt-contrib-connect' ]
verbose url resolved https://registry.npmjs.org/grunt-contrib-connect
http GET https://registry.npmjs.org/grunt-contrib-connect
verbose raw, before any munging grunt-contrib-copy
verbose url resolving [ 'https://registry.npmjs.org/', './grunt-contrib-copy' ]
verbose url resolved https://registry.npmjs.org/grunt-contrib-copy
http GET https://registry.npmjs.org/grunt-contrib-copy
verbose raw, before any munging grunt-contrib-cssmin
verbose url resolving [ 'https://registry.npmjs.org/', './grunt-contrib-cssmin' ]
verbose url resolved https://registry.npmjs.org/grunt-contrib-cssmin
http GET https://registry.npmjs.org/grunt-contrib-cssmin
verbose raw, before any munging grunt-contrib-htmlmin
verbose url resolving [ 'https://registry.npmjs.org/', './grunt-contrib-htmlmin' ]
verbose url resolved https://registry.npmjs.org/grunt-contrib-htmlmin
http GET https://registry.npmjs.org/grunt-contrib-htmlmin
verbose raw, before any munging grunt-contrib-imagemin
verbose url resolving [ 'https://registry.npmjs.org/', './grunt-contrib-imagemin' ]
verbose url resolved https://registry.npmjs.org/grunt-contrib-imagemin
http GET https://registry.npmjs.org/grunt-contrib-imagemin
verbose cache add [ 'grunt-contrib-jshint@^0.10.0', null ]
silly cache add: name, spec, args [ undefined,
silly cache add: name, spec, args   'grunt-contrib-jshint@^0.10.0',
silly cache add: name, spec, args   [ 'grunt-contrib-jshint@^0.10.0', null ] ]
verbose parsed url { pathname: 'grunt-contrib-jshint@^0.10.0',
verbose parsed url   path: 'grunt-contrib-jshint@^0.10.0',
verbose parsed url   href: 'grunt-contrib-jshint@^0.10.0' }
silly cache add: name, spec, args [ 'grunt-contrib-jshint',
silly cache add: name, spec, args   '^0.10.0',
silly cache add: name, spec, args   [ 'grunt-contrib-jshint', '^0.10.0' ] ]
verbose parsed url { pathname: '^0.10.0', path: '^0.10.0', href: '^0.10.0' }
verbose addNamed [ 'grunt-contrib-jshint', '^0.10.0' ]
verbose addNamed [ null, null ]
info addNameTag [ 'grunt-contrib-jshint', '^0.10.0' ]
verbose cache add [ 'grunt-contrib-uglify@^0.4.0', null ]
silly cache add: name, spec, args [ undefined,
silly cache add: name, spec, args   'grunt-contrib-uglify@^0.4.0',
silly cache add: name, spec, args   [ 'grunt-contrib-uglify@^0.4.0', null ] ]
verbose parsed url { pathname: 'grunt-contrib-uglify@^0.4.0',
verbose parsed url   path: 'grunt-contrib-uglify@^0.4.0',
verbose parsed url   href: 'grunt-contrib-uglify@^0.4.0' }
silly cache add: name, spec, args [ 'grunt-contrib-uglify',
silly cache add: name, spec, args   '^0.4.0',
silly cache add: name, spec, args   [ 'grunt-contrib-uglify', '^0.4.0' ] ]
verbose parsed url { pathname: '^0.4.0', path: '^0.4.0', href: '^0.4.0' }
verbose addNamed [ 'grunt-contrib-uglify', '^0.4.0' ]
verbose addNamed [ null, null ]
info addNameTag [ 'grunt-contrib-uglify', '^0.4.0' ]
verbose cache add [ 'grunt-contrib-watch@^0.6.1', null ]
silly cache add: name, spec, args [ undefined,
silly cache add: name, spec, args   'grunt-contrib-watch@^0.6.1',
silly cache add: name, spec, args   [ 'grunt-contrib-watch@^0.6.1', null ] ]
verbose parsed url { pathname: 'grunt-contrib-watch@^0.6.1',
verbose parsed url   path: 'grunt-contrib-watch@^0.6.1',
verbose parsed url   href: 'grunt-contrib-watch@^0.6.1' }
silly cache add: name, spec, args [ 'grunt-contrib-watch',
silly cache add: name, spec, args   '^0.6.1',
silly cache add: name, spec, args   [ 'grunt-contrib-watch', '^0.6.1' ] ]
verbose parsed url { pathname: '^0.6.1', path: '^0.6.1', href: '^0.6.1' }
verbose addNamed [ 'grunt-contrib-watch', '^0.6.1' ]
verbose addNamed [ null, null ]
info addNameTag [ 'grunt-contrib-watch', '^0.6.1' ]
verbose cache add [ 'grunt-filerev@^0.2.1', null ]
silly cache add: name, spec, args [ undefined,
silly cache add: name, spec, args   'grunt-filerev@^0.2.1',
silly cache add: name, spec, args   [ 'grunt-filerev@^0.2.1', null ] ]
verbose parsed url { pathname: 'grunt-filerev@^0.2.1',
verbose parsed url   path: 'grunt-filerev@^0.2.1',
verbose parsed url   href: 'grunt-filerev@^0.2.1' }
silly cache add: name, spec, args [ 'grunt-filerev', '^0.2.1', [ 'grunt-filerev', '^0.2.1' ] ]
verbose parsed url { pathname: '^0.2.1', path: '^0.2.1', href: '^0.2.1' }
verbose addNamed [ 'grunt-filerev', '^0.2.1' ]
verbose addNamed [ null, null ]
info addNameTag [ 'grunt-filerev', '^0.2.1' ]
verbose cache add [ 'grunt-google-cdn@^0.4.0', null ]
silly cache add: name, spec, args [ undefined,
silly cache add: name, spec, args   'grunt-google-cdn@^0.4.0',
silly cache add: name, spec, args   [ 'grunt-google-cdn@^0.4.0', null ] ]
verbose parsed url { pathname: 'grunt-google-cdn@^0.4.0',
verbose parsed url   path: 'grunt-google-cdn@^0.4.0',
verbose parsed url   href: 'grunt-google-cdn@^0.4.0' }
silly cache add: name, spec, args [ 'grunt-google-cdn',
silly cache add: name, spec, args   '^0.4.0',
silly cache add: name, spec, args   [ 'grunt-google-cdn', '^0.4.0' ] ]
verbose parsed url { pathname: '^0.4.0', path: '^0.4.0', href: '^0.4.0' }
verbose addNamed [ 'grunt-google-cdn', '^0.4.0' ]
verbose addNamed [ null, null ]
info addNameTag [ 'grunt-google-cdn', '^0.4.0' ]
verbose cache add [ 'grunt-karma@^0.8.3', null ]
silly cache add: name, spec, args [ undefined,
silly cache add: name, spec, args   'grunt-karma@^0.8.3',
silly cache add: name, spec, args   [ 'grunt-karma@^0.8.3', null ] ]
verbose parsed url { pathname: 'grunt-karma@^0.8.3',
verbose parsed url   path: 'grunt-karma@^0.8.3',
verbose parsed url   href: 'grunt-karma@^0.8.3' }
silly cache add: name, spec, args [ 'grunt-karma', '^0.8.3', [ 'grunt-karma', '^0.8.3' ] ]
verbose parsed url { pathname: '^0.8.3', path: '^0.8.3', href: '^0.8.3' }
verbose addNamed [ 'grunt-karma', '^0.8.3' ]
verbose addNamed [ null, null ]
info addNameTag [ 'grunt-karma', '^0.8.3' ]
verbose cache add [ 'grunt-newer@^0.7.0', null ]
silly cache add: name, spec, args [ undefined,
silly cache add: name, spec, args   'grunt-newer@^0.7.0',
silly cache add: name, spec, args   [ 'grunt-newer@^0.7.0', null ] ]
verbose parsed url { pathname: 'grunt-newer@^0.7.0',
verbose parsed url   path: 'grunt-newer@^0.7.0',
verbose parsed url   href: 'grunt-newer@^0.7.0' }
silly cache add: name, spec, args [ 'grunt-newer', '^0.7.0', [ 'grunt-newer', '^0.7.0' ] ]
verbose parsed url { pathname: '^0.7.0', path: '^0.7.0', href: '^0.7.0' }
verbose addNamed [ 'grunt-newer', '^0.7.0' ]
verbose addNamed [ null, null ]
info addNameTag [ 'grunt-newer', '^0.7.0' ]
verbose cache add [ 'grunt-ngmin@^0.0.3', null ]
silly cache add: name, spec, args [ undefined,
silly cache add: name, spec, args   'grunt-ngmin@^0.0.3',
silly cache add: name, spec, args   [ 'grunt-ngmin@^0.0.3', null ] ]
verbose parsed url { pathname: 'grunt-ngmin@^0.0.3',
verbose parsed url   path: 'grunt-ngmin@^0.0.3',
verbose parsed url   href: 'grunt-ngmin@^0.0.3' }
silly cache add: name, spec, args [ 'grunt-ngmin', '^0.0.3', [ 'grunt-ngmin', '^0.0.3' ] ]
verbose parsed url { pathname: '^0.0.3', path: '^0.0.3', href: '^0.0.3' }
verbose addNamed [ 'grunt-ngmin', '^0.0.3' ]
verbose addNamed [ null, null ]
info addNameTag [ 'grunt-ngmin', '^0.0.3' ]
verbose cache add [ 'grunt-svgmin@^0.4.0', null ]
silly cache add: name, spec, args [ undefined,
silly cache add: name, spec, args   'grunt-svgmin@^0.4.0',
silly cache add: name, spec, args   [ 'grunt-svgmin@^0.4.0', null ] ]
verbose parsed url { pathname: 'grunt-svgmin@^0.4.0',
verbose parsed url   path: 'grunt-svgmin@^0.4.0',
verbose parsed url   href: 'grunt-svgmin@^0.4.0' }
silly cache add: name, spec, args [ 'grunt-svgmin', '^0.4.0', [ 'grunt-svgmin', '^0.4.0' ] ]
verbose parsed url { pathname: '^0.4.0', path: '^0.4.0', href: '^0.4.0' }
verbose addNamed [ 'grunt-svgmin', '^0.4.0' ]
verbose addNamed [ null, null ]
info addNameTag [ 'grunt-svgmin', '^0.4.0' ]
verbose cache add [ 'grunt-usemin@^2.1.1', null ]
silly cache add: name, spec, args [ undefined,
silly cache add: name, spec, args   'grunt-usemin@^2.1.1',
silly cache add: name, spec, args   [ 'grunt-usemin@^2.1.1', null ] ]
verbose parsed url { pathname: 'grunt-usemin@^2.1.1',
verbose parsed url   path: 'grunt-usemin@^2.1.1',
verbose parsed url   href: 'grunt-usemin@^2.1.1' }
silly cache add: name, spec, args [ 'grunt-usemin', '^2.1.1', [ 'grunt-usemin', '^2.1.1' ] ]
verbose parsed url { pathname: '^2.1.1', path: '^2.1.1', href: '^2.1.1' }
verbose addNamed [ 'grunt-usemin', '^2.1.1' ]
verbose addNamed [ null, null ]
info addNameTag [ 'grunt-usemin', '^2.1.1' ]
verbose cache add [ 'grunt-wiredep@^1.7.0', null ]
silly cache add: name, spec, args [ undefined,
silly cache add: name, spec, args   'grunt-wiredep@^1.7.0',
silly cache add: name, spec, args   [ 'grunt-wiredep@^1.7.0', null ] ]
verbose parsed url { pathname: 'grunt-wiredep@^1.7.0',
verbose parsed url   path: 'grunt-wiredep@^1.7.0',
verbose parsed url   href: 'grunt-wiredep@^1.7.0' }
silly cache add: name, spec, args [ 'grunt-wiredep', '^1.7.0', [ 'grunt-wiredep', '^1.7.0' ] ]
verbose parsed url { pathname: '^1.7.0', path: '^1.7.0', href: '^1.7.0' }
verbose addNamed [ 'grunt-wiredep', '^1.7.0' ]
verbose addNamed [ null, null ]
info addNameTag [ 'grunt-wiredep', '^1.7.0' ]
verbose cache add [ 'jshint-stylish@^0.2.0', null ]
silly cache add: name, spec, args [ undefined,
silly cache add: name, spec, args   'jshint-stylish@^0.2.0',
silly cache add: name, spec, args   [ 'jshint-stylish@^0.2.0', null ] ]
verbose parsed url { pathname: 'jshint-stylish@^0.2.0',
verbose parsed url   path: 'jshint-stylish@^0.2.0',
verbose parsed url   href: 'jshint-stylish@^0.2.0' }
silly cache add: name, spec, args [ 'jshint-stylish', '^0.2.0', [ 'jshint-stylish', '^0.2.0' ] ]
verbose parsed url { pathname: '^0.2.0', path: '^0.2.0', href: '^0.2.0' }
verbose addNamed [ 'jshint-stylish', '^0.2.0' ]
verbose addNamed [ null, null ]
info addNameTag [ 'jshint-stylish', '^0.2.0' ]
verbose cache add [ 'karma@^0.12.21', null ]
silly cache add: name, spec, args [ undefined, 'karma@^0.12.21', [ 'karma@^0.12.21', null ] ]
verbose parsed url { pathname: 'karma@^0.12.21',
verbose parsed url   path: 'karma@^0.12.21',
verbose parsed url   href: 'karma@^0.12.21' }
silly cache add: name, spec, args [ 'karma', '^0.12.21', [ 'karma', '^0.12.21' ] ]
verbose parsed url { pathname: '^0.12.21', path: '^0.12.21', href: '^0.12.21' }
verbose addNamed [ 'karma', '^0.12.21' ]
verbose addNamed [ null, null ]
info addNameTag [ 'karma', '^0.12.21' ]
verbose cache add [ 'karma-jasmine@^0.1.5', null ]
silly cache add: name, spec, args [ undefined,
silly cache add: name, spec, args   'karma-jasmine@^0.1.5',
silly cache add: name, spec, args   [ 'karma-jasmine@^0.1.5', null ] ]
verbose parsed url { pathname: 'karma-jasmine@^0.1.5',
verbose parsed url   path: 'karma-jasmine@^0.1.5',
verbose parsed url   href: 'karma-jasmine@^0.1.5' }
silly cache add: name, spec, args [ 'karma-jasmine', '^0.1.5', [ 'karma-jasmine', '^0.1.5' ] ]
verbose parsed url { pathname: '^0.1.5', path: '^0.1.5', href: '^0.1.5' }
verbose addNamed [ 'karma-jasmine', '^0.1.5' ]
verbose addNamed [ null, null ]
info addNameTag [ 'karma-jasmine', '^0.1.5' ]
verbose cache add [ 'karma-phantomjs-launcher@^0.1.4', null ]
silly cache add: name, spec, args [ undefined,
silly cache add: name, spec, args   'karma-phantomjs-launcher@^0.1.4',
silly cache add: name, spec, args   [ 'karma-phantomjs-launcher@^0.1.4', null ] ]
verbose parsed url { pathname: 'karma-phantomjs-launcher@^0.1.4',
verbose parsed url   path: 'karma-phantomjs-launcher@^0.1.4',
verbose parsed url   href: 'karma-phantomjs-launcher@^0.1.4' }
silly cache add: name, spec, args [ 'karma-phantomjs-launcher',
silly cache add: name, spec, args   '^0.1.4',
silly cache add: name, spec, args   [ 'karma-phantomjs-launcher', '^0.1.4' ] ]
verbose parsed url { pathname: '^0.1.4', path: '^0.1.4', href: '^0.1.4' }
verbose addNamed [ 'karma-phantomjs-launcher', '^0.1.4' ]
verbose addNamed [ null, null ]
info addNameTag [ 'karma-phantomjs-launcher', '^0.1.4' ]
verbose cache add [ 'load-grunt-tasks@^0.4.0', null ]
silly cache add: name, spec, args [ undefined,
silly cache add: name, spec, args   'load-grunt-tasks@^0.4.0',
silly cache add: name, spec, args   [ 'load-grunt-tasks@^0.4.0', null ] ]
verbose parsed url { pathname: 'load-grunt-tasks@^0.4.0',
verbose parsed url   path: 'load-grunt-tasks@^0.4.0',
verbose parsed url   href: 'load-grunt-tasks@^0.4.0' }
silly cache add: name, spec, args [ 'load-grunt-tasks',
silly cache add: name, spec, args   '^0.4.0',
silly cache add: name, spec, args   [ 'load-grunt-tasks', '^0.4.0' ] ]
verbose parsed url { pathname: '^0.4.0', path: '^0.4.0', href: '^0.4.0' }
verbose addNamed [ 'load-grunt-tasks', '^0.4.0' ]
verbose addNamed [ null, null ]
info addNameTag [ 'load-grunt-tasks', '^0.4.0' ]
verbose cache add [ 'time-grunt@^0.3.1', null ]
silly cache add: name, spec, args [ undefined, 'time-grunt@^0.3.1', [ 'time-grunt@^0.3.1', null ] ]
verbose parsed url { pathname: 'time-grunt@^0.3.1',
verbose parsed url   path: 'time-grunt@^0.3.1',
verbose parsed url   href: 'time-grunt@^0.3.1' }
silly cache add: name, spec, args [ 'time-grunt', '^0.3.1', [ 'time-grunt', '^0.3.1' ] ]
verbose parsed url { pathname: '^0.3.1', path: '^0.3.1', href: '^0.3.1' }
verbose addNamed [ 'time-grunt', '^0.3.1' ]
verbose addNamed [ null, null ]
info addNameTag [ 'time-grunt', '^0.3.1' ]
verbose raw, before any munging grunt-contrib-jshint
verbose url resolving [ 'https://registry.npmjs.org/', './grunt-contrib-jshint' ]
verbose url resolved https://registry.npmjs.org/grunt-contrib-jshint
http GET https://registry.npmjs.org/grunt-contrib-jshint
verbose raw, before any munging grunt-contrib-uglify
verbose url resolving [ 'https://registry.npmjs.org/', './grunt-contrib-uglify' ]
verbose url resolved https://registry.npmjs.org/grunt-contrib-uglify
http GET https://registry.npmjs.org/grunt-contrib-uglify
verbose raw, before any munging grunt-contrib-watch
verbose url resolving [ 'https://registry.npmjs.org/', './grunt-contrib-watch' ]
verbose url resolved https://registry.npmjs.org/grunt-contrib-watch
http GET https://registry.npmjs.org/grunt-contrib-watch
verbose raw, before any munging grunt-filerev
verbose url resolving [ 'https://registry.npmjs.org/', './grunt-filerev' ]
verbose url resolved https://registry.npmjs.org/grunt-filerev
http GET https://registry.npmjs.org/grunt-filerev
verbose raw, before any munging grunt-google-cdn
verbose url resolving [ 'https://registry.npmjs.org/', './grunt-google-cdn' ]
verbose url resolved https://registry.npmjs.org/grunt-google-cdn
http GET https://registry.npmjs.org/grunt-google-cdn
verbose raw, before any munging grunt-karma
verbose url resolving [ 'https://registry.npmjs.org/', './grunt-karma' ]
verbose url resolved https://registry.npmjs.org/grunt-karma
http GET https://registry.npmjs.org/grunt-karma
verbose raw, before any munging grunt-newer
verbose url resolving [ 'https://registry.npmjs.org/', './grunt-newer' ]
verbose url resolved https://registry.npmjs.org/grunt-newer
http GET https://registry.npmjs.org/grunt-newer
verbose raw, before any munging grunt-ngmin
verbose url resolving [ 'https://registry.npmjs.org/', './grunt-ngmin' ]
verbose url resolved https://registry.npmjs.org/grunt-ngmin
http GET https://registry.npmjs.org/grunt-ngmin
verbose raw, before any munging grunt-svgmin
verbose url resolving [ 'https://registry.npmjs.org/', './grunt-svgmin' ]
verbose url resolved https://registry.npmjs.org/grunt-svgmin
http GET https://registry.npmjs.org/grunt-svgmin
verbose raw, before any munging grunt-usemin
verbose url resolving [ 'https://registry.npmjs.org/', './grunt-usemin' ]
verbose url resolved https://registry.npmjs.org/grunt-usemin
http GET https://registry.npmjs.org/grunt-usemin
verbose raw, before any munging grunt-wiredep
verbose url resolving [ 'https://registry.npmjs.org/', './grunt-wiredep' ]
verbose url resolved https://registry.npmjs.org/grunt-wiredep
http GET https://registry.npmjs.org/grunt-wiredep
verbose raw, before any munging jshint-stylish
verbose url resolving [ 'https://registry.npmjs.org/', './jshint-stylish' ]
verbose url resolved https://registry.npmjs.org/jshint-stylish
http GET https://registry.npmjs.org/jshint-stylish
verbose raw, before any munging karma
verbose url resolving [ 'https://registry.npmjs.org/', './karma' ]
verbose url resolved https://registry.npmjs.org/karma
http GET https://registry.npmjs.org/karma
verbose raw, before any munging karma-jasmine
verbose url resolving [ 'https://registry.npmjs.org/', './karma-jasmine' ]
verbose url resolved https://registry.npmjs.org/karma-jasmine
http GET https://registry.npmjs.org/karma-jasmine
verbose raw, before any munging karma-phantomjs-launcher
verbose url resolving [ 'https://registry.npmjs.org/', './karma-phantomjs-launcher' ]
verbose url resolved https://registry.npmjs.org/karma-phantomjs-launcher
http GET https://registry.npmjs.org/karma-phantomjs-launcher
verbose raw, before any munging load-grunt-tasks
verbose url resolving [ 'https://registry.npmjs.org/', './load-grunt-tasks' ]
verbose url resolved https://registry.npmjs.org/load-grunt-tasks
http GET https://registry.npmjs.org/load-grunt-tasks
verbose raw, before any munging time-grunt
verbose url resolving [ 'https://registry.npmjs.org/', './time-grunt' ]
verbose url resolved https://registry.npmjs.org/time-grunt
http GET https://registry.npmjs.org/time-grunt
ERR! Error: failed to fetch from registry: grunt-contrib-clean
ERR!     at /usr/share/npm/lib/utils/npm-registry-client/get.js:139:12
ERR!     at cb (/usr/share/npm/lib/utils/npm-registry-client/request.js:31:9)
ERR!     at Request._callback (/usr/share/npm/lib/utils/npm-registry-client/request.js:136:18)
ERR!     at Request.callback (/usr/lib/nodejs/request/main.js:119:22)
ERR!     at Request.<anonymous> (/usr/lib/nodejs/request/main.js:212:58)
ERR!     at Request.emit (events.js:88:20)
ERR!     at ClientRequest.<anonymous> (/usr/lib/nodejs/request/main.js:412:12)
ERR!     at ClientRequest.emit (events.js:67:17)
ERR!     at HTTPParser.onIncoming (http.js:1261:11)
ERR!     at HTTPParser.onHeadersComplete (http.js:102:31)
ERR! You may report this log at:
ERR!     <http://bugs.debian.org/npm>
ERR! or use
ERR!     reportbug --attach /vagrant/LL-webfront/npm-debug.log npm
ERR! 
ERR! System Linux 3.2.0-23-generic
ERR! command "node" "/usr/bin/npm" "install"
ERR! cwd /vagrant/LL-webfront
ERR! node -v v0.6.12
ERR! npm -v 1.1.4
ERR! message failed to fetch from registry: grunt-contrib-clean
verbose exit [ 1, true ]
